action: GLOB, msg: packaging
cwd: /Users/fahdmohammed/Desktop/workspace/agodzoYTRenderer
cmd: /Users/fahdmohammed/Desktop/workspace/agodzoYTRenderer/env/bin/python setup.py sdist --formats=zip --dist-dir .tox/dist
running sdist
running egg_info
writing src/agodzoYTRenderer.egg-info/PKG-INFO
writing dependency_links to src/agodzoYTRenderer.egg-info/dependency_links.txt
writing requirements to src/agodzoYTRenderer.egg-info/requires.txt
writing top-level names to src/agodzoYTRenderer.egg-info/top_level.txt
reading manifest file 'src/agodzoYTRenderer.egg-info/SOURCES.txt'
adding license file 'LICENSE'
writing manifest file 'src/agodzoYTRenderer.egg-info/SOURCES.txt'
running check
creating agodzoYTRenderer-0.0.1
creating agodzoYTRenderer-0.0.1/src
creating agodzoYTRenderer-0.0.1/src/agodzoYTRenderer
creating agodzoYTRenderer-0.0.1/src/agodzoYTRenderer.egg-info
copying files to agodzoYTRenderer-0.0.1...
copying LICENSE -> agodzoYTRenderer-0.0.1
copying README.md -> agodzoYTRenderer-0.0.1
copying pyproject.toml -> agodzoYTRenderer-0.0.1
copying setup.cfg -> agodzoYTRenderer-0.0.1
copying setup.py -> agodzoYTRenderer-0.0.1
copying src/agodzoYTRenderer/__init__.py -> agodzoYTRenderer-0.0.1/src/agodzoYTRenderer
copying src/agodzoYTRenderer/custom_exception.py -> agodzoYTRenderer-0.0.1/src/agodzoYTRenderer
copying src/agodzoYTRenderer/logger.py -> agodzoYTRenderer-0.0.1/src/agodzoYTRenderer
copying src/agodzoYTRenderer/youtube.py -> agodzoYTRenderer-0.0.1/src/agodzoYTRenderer
copying src/agodzoYTRenderer.egg-info/PKG-INFO -> agodzoYTRenderer-0.0.1/src/agodzoYTRenderer.egg-info
copying src/agodzoYTRenderer.egg-info/SOURCES.txt -> agodzoYTRenderer-0.0.1/src/agodzoYTRenderer.egg-info
copying src/agodzoYTRenderer.egg-info/dependency_links.txt -> agodzoYTRenderer-0.0.1/src/agodzoYTRenderer.egg-info
copying src/agodzoYTRenderer.egg-info/requires.txt -> agodzoYTRenderer-0.0.1/src/agodzoYTRenderer.egg-info
copying src/agodzoYTRenderer.egg-info/top_level.txt -> agodzoYTRenderer-0.0.1/src/agodzoYTRenderer.egg-info
Writing agodzoYTRenderer-0.0.1/setup.cfg
creating '.tox/dist/agodzoYTRenderer-0.0.1.zip' and adding 'agodzoYTRenderer-0.0.1' to it
adding 'agodzoYTRenderer-0.0.1'
adding 'agodzoYTRenderer-0.0.1/src'
adding 'agodzoYTRenderer-0.0.1/PKG-INFO'
adding 'agodzoYTRenderer-0.0.1/LICENSE'
adding 'agodzoYTRenderer-0.0.1/pyproject.toml'
adding 'agodzoYTRenderer-0.0.1/README.md'
adding 'agodzoYTRenderer-0.0.1/setup.py'
adding 'agodzoYTRenderer-0.0.1/setup.cfg'
adding 'agodzoYTRenderer-0.0.1/src/agodzoYTRenderer.egg-info'
adding 'agodzoYTRenderer-0.0.1/src/agodzoYTRenderer'
adding 'agodzoYTRenderer-0.0.1/src/agodzoYTRenderer.egg-info/PKG-INFO'
adding 'agodzoYTRenderer-0.0.1/src/agodzoYTRenderer.egg-info/SOURCES.txt'
adding 'agodzoYTRenderer-0.0.1/src/agodzoYTRenderer.egg-info/requires.txt'
adding 'agodzoYTRenderer-0.0.1/src/agodzoYTRenderer.egg-info/top_level.txt'
adding 'agodzoYTRenderer-0.0.1/src/agodzoYTRenderer.egg-info/dependency_links.txt'
adding 'agodzoYTRenderer-0.0.1/src/agodzoYTRenderer/youtube.py'
adding 'agodzoYTRenderer-0.0.1/src/agodzoYTRenderer/custom_exception.py'
adding 'agodzoYTRenderer-0.0.1/src/agodzoYTRenderer/__init__.py'
adding 'agodzoYTRenderer-0.0.1/src/agodzoYTRenderer/logger.py'
removing 'agodzoYTRenderer-0.0.1' (and everything under it)
/Users/fahdmohammed/Desktop/workspace/agodzoYTRenderer/env/lib/python3.8/site-packages/setuptools/config/setupcfg.py:293: _DeprecatedConfig: Deprecated config in `setup.cfg`
!!

        ********************************************************************************
        The license_file parameter is deprecated, use license_files instead.

        By 2023-Oct-30, you need to update your project and remove deprecated calls
        or your builds will no longer be supported.

        See https://setuptools.pypa.io/en/latest/userguide/declarative_config.html for details.
        ********************************************************************************

!!
  parsed = self.parsers.get(option_name, lambda x: x)(value)
/Users/fahdmohammed/Desktop/workspace/agodzoYTRenderer/env/lib/python3.8/site-packages/setuptools/_distutils/dist.py:265: UserWarning: Unknown distribution option: 'long_description_content'
  warnings.warn(msg)
